mode: set
github.com/Moji00f/celeritas/session/session.go:21.53,26.16 3 1
github.com/Moji00f/celeritas/session/session.go:26.16,28.3 1 0
github.com/Moji00f/celeritas/session/session.go:31.2,31.48 1 1
github.com/Moji00f/celeritas/session/session.go:31.48,33.3 1 1
github.com/Moji00f/celeritas/session/session.go:36.2,36.47 1 1
github.com/Moji00f/celeritas/session/session.go:36.47,38.3 1 0
github.com/Moji00f/celeritas/session/session.go:38.8,40.3 1 1
github.com/Moji00f/celeritas/session/session.go:43.2,52.40 8 1
github.com/Moji00f/celeritas/session/session.go:53.15,53.15 0 0
github.com/Moji00f/celeritas/session/session.go:54.26,54.26 0 0
github.com/Moji00f/celeritas/session/session.go:55.32,55.32 0 0
github.com/Moji00f/celeritas/session/session.go:56.10,56.10 0 1
github.com/Moji00f/celeritas/session/session.go:60.2,60.16 1 1
github.com/Moji00f/celeritas/render/render.go:35.111,36.37 1 1
github.com/Moji00f/celeritas/render/render.go:37.12,38.36 1 1
github.com/Moji00f/celeritas/render/render.go:40.13,41.48 1 1
github.com/Moji00f/celeritas/render/render.go:42.10,42.10 0 1
github.com/Moji00f/celeritas/render/render.go:45.2,45.52 1 1
github.com/Moji00f/celeritas/render/render.go:48.102,50.16 2 1
github.com/Moji00f/celeritas/render/render.go:50.16,52.3 1 1
github.com/Moji00f/celeritas/render/render.go:63.2,64.17 2 1
github.com/Moji00f/celeritas/render/render.go:64.17,66.3 1 0
github.com/Moji00f/celeritas/render/render.go:68.2,69.16 2 1
github.com/Moji00f/celeritas/render/render.go:69.16,71.3 1 0
github.com/Moji00f/celeritas/render/render.go:73.2,73.12 1 1
github.com/Moji00f/celeritas/render/render.go:76.122,80.22 2 1
github.com/Moji00f/celeritas/render/render.go:80.22,82.3 1 1
github.com/Moji00f/celeritas/render/render.go:82.8,84.3 1 0
github.com/Moji00f/celeritas/render/render.go:86.2,87.17 2 1
github.com/Moji00f/celeritas/render/render.go:87.17,89.3 1 0
github.com/Moji00f/celeritas/render/render.go:91.2,93.16 2 1
github.com/Moji00f/celeritas/render/render.go:93.16,96.3 2 1
github.com/Moji00f/celeritas/render/render.go:98.2,98.46 1 1
github.com/Moji00f/celeritas/render/render.go:98.46,102.3 2 0
github.com/Moji00f/celeritas/render/render.go:104.2,104.12 1 1
